testing non multiples of 8
rm -fr *.o *~
rm -fr softmax_auto softmax_avx softmax_plain
g++ -std=c++17 -I. -I./include -Wall  -ftree-vectorize -fopt-info-vec-missed -fopt-info-vec -march=native -funroll-loops -ffast-math -O3 -o softmax_auto softmax_auto.cpp 
softmax_auto.cpp:27:16: optimized: loop vectorized using 32 byte vectors
softmax_auto.cpp:27:16: optimized: loop vectorized using 16 byte vectors
softmax_auto.cpp:23:16: optimized: loop vectorized using 32 byte vectors
softmax_auto.cpp:23:16: optimized: loop vectorized using 16 byte vectors
softmax_auto.cpp:17:16: optimized: loop vectorized using 32 byte vectors
softmax_auto.cpp:17:16: optimized: loop vectorized using 16 byte vectors
softmax_auto.cpp:12:23: optimized: loop vectorized using 32 byte vectors
softmax_auto.cpp:12:23: optimized: loop vectorized using 16 byte vectors
softmax_auto.cpp:46:19: missed: couldn't vectorize loop
softmax_auto.cpp:47:15: missed: statement clobbers memory: fprintf (stderr.10_3, "%f\n", _2);
softmax_auto.cpp:47:15: missed: statement clobbers memory: fprintf (stderr.10_3, "%f\n", _2);
/opt/ohpc/pub/compiler/gcc/12.2.0/include/c++/12.2.0/bits/random.tcc:412:42: optimized: loop vectorized using 16 byte vectors
/opt/ohpc/pub/compiler/gcc/12.2.0/include/c++/12.2.0/bits/random.tcc:404:32: optimized: loop vectorized using 16 byte vectors
softmax_auto.cpp:39:26: missed: couldn't vectorize loop
softmax_auto.cpp:39:26: missed: not vectorized: control flow in loop.
/opt/ohpc/pub/compiler/gcc/12.2.0/include/c++/12.2.0/bits/random.tcc:333:32: missed: couldn't vectorize loop
/opt/ohpc/pub/compiler/gcc/12.2.0/include/c++/12.2.0/bits/random.tcc:335:14: missed: not vectorized: no vectype for stmt: __x_4 = MEM[(struct mersenne_twister_engine *)&gen]._M_x[_8];
 scalar_type: long unsigned int
/opt/ohpc/pub/compiler/gcc/12.2.0/include/c++/12.2.0/bits/new_allocator.h:137:48: missed: statement clobbers memory: _48 = operator new (_47);
/opt/ohpc/pub/compiler/gcc/12.2.0/include/c++/12.2.0/bits/stl_algobase.h:922:11: missed: statement clobbers memory: __builtin_memset (__first_49, 0, _129);
/opt/ohpc/pub/compiler/gcc/12.2.0/include/c++/12.2.0/bits/random.tcc:459:13: missed: statement clobbers memory: std::mersenne_twister_engine<long unsigned int, 32, 624, 397, 31, 2567483615, 11, 4294967295, 7, 2636928640, 15, 4022730752, 18, 1812433253>::_M_gen_rand (&gen);
/opt/ohpc/pub/compiler/gcc/12.2.0/include/c++/12.2.0/bits/stl_vector.h:1905:24: missed: statement clobbers memory: std::__throw_length_error ("cannot create std::vector larger than max_size()");
/opt/ohpc/pub/compiler/gcc/12.2.0/include/c++/12.2.0/bits/stl_vector.h:395:25: optimized: basic block part vectorized using 32 byte vectors
/opt/ohpc/pub/compiler/gcc/12.2.0/include/c++/12.2.0/bits/stl_vector.h:395:25: optimized: basic block part vectorized using 32 byte vectors
softmax_auto.cpp:52:5: missed: splitting region at control altering definition _124 = operator new (_123);
softmax_auto.cpp:65:50: missed: statement clobbers memory: input = generate_random_input (0, -1.0e+0, 1.0e+0); [return slot optimization]
/opt/ohpc/pub/compiler/gcc/12.2.0/include/c++/12.2.0/bits/char_traits.h:395:25: missed: statement clobbers memory: _95 = __builtin_strlen (_2);
/opt/ohpc/pub/compiler/gcc/12.2.0/include/c++/12.2.0/bits/basic_string.tcc:225:13: missed: statement clobbers memory: _99 = std::__cxx11::basic_string<char>::_M_create (&D.81322, &__dnew, 0);
/opt/ohpc/pub/compiler/gcc/12.2.0/include/c++/12.2.0/bits/char_traits.h:431:49: missed: statement clobbers memory: __builtin_memcpy (_163, _2, _95);
/opt/ohpc/pub/compiler/gcc/12.2.0/include/c++/12.2.0/ext/string_conversions.h:80:34: missed: statement clobbers memory: _88 = strtol (_32, &__endptr, 10);
/opt/ohpc/pub/compiler/gcc/12.2.0/include/c++/12.2.0/bits/new_allocator.h:158:26: missed: statement clobbers memory: operator delete (_28, _22);
softmax_auto.cpp:65:50: missed: statement clobbers memory: input = generate_random_input (K_14, -1.0e+0, 1.0e+0); [return slot optimization]
/opt/ohpc/pub/compiler/gcc/12.2.0/include/c++/12.2.0/bits/new_allocator.h:137:48: missed: not vectorized: statement can throw an exception: _124 = operator new (_123);
/opt/ohpc/pub/compiler/gcc/12.2.0/include/c++/12.2.0/bits/stl_vector.h:100:4: optimized: basic block part vectorized using 32 byte vectors
/opt/ohpc/pub/compiler/gcc/12.2.0/include/c++/12.2.0/bits/stl_vector.h:100:4: missed: splitting region at dominance boundary bb33
/opt/ohpc/pub/compiler/gcc/12.2.0/include/c++/12.2.0/bits/stl_vector.h:100:4: missed: splitting region at dominance boundary bb36
/opt/ohpc/pub/compiler/gcc/12.2.0/include/c++/12.2.0/bits/stl_algobase.h:922:11: missed: statement clobbers memory: __builtin_memset (__first_125, 0, _182);
/opt/ohpc/pub/compiler/gcc/12.2.0/include/c++/12.2.0/bits/stl_vector.h:395:25: optimized: basic block part vectorized using 32 byte vectors
/opt/ohpc/pub/compiler/gcc/12.2.0/include/c++/12.2.0/bits/stl_vector.h:395:25: missed: splitting region at control altering definition _42 = std::basic_ostream<char>::_M_insert<double> (&cout, _38);
softmax_auto.cpp:68:2: missed: statement clobbers memory: asoftime_auto = std::chrono::_V2::system_clock::now ();
softmax_auto.cpp:69:14: missed: statement clobbers memory: softmax_auto (_40, iftmp.2_141, K_139);
softmax_auto.cpp:70:2: missed: statement clobbers memory: bsoftime_auto = std::chrono::_V2::system_clock::now ();
/opt/ohpc/pub/compiler/gcc/12.2.0/include/c++/12.2.0/ostream:620:18: missed: not vectorized: statement can throw an exception: std::__ostream_insert<char, std::char_traits<char> > (&cout, "# elapsed time (", 16);
/opt/ohpc/pub/compiler/gcc/12.2.0/include/c++/12.2.0/ostream:620:18: missed: not vectorized: statement can throw an exception: std::__ostream_insert<char, std::char_traits<char> > (&cout, "softime_auto", 12);
/opt/ohpc/pub/compiler/gcc/12.2.0/include/c++/12.2.0/ostream:620:18: missed: not vectorized: statement can throw an exception: std::__ostream_insert<char, std::char_traits<char> > (&cout, "): ", 3);
/opt/ohpc/pub/compiler/gcc/12.2.0/include/c++/12.2.0/ostream:221:25: missed: not vectorized: statement can throw an exception: _42 = std::basic_ostream<char>::_M_insert<double> (&cout, _38);
/opt/ohpc/pub/compiler/gcc/12.2.0/include/c++/12.2.0/ostream:221:25: missed: splitting region at dominance boundary bb43
/opt/ohpc/pub/compiler/gcc/12.2.0/include/c++/12.2.0/ostream:221:25: missed: splitting region at control altering definition _153 = OBJ_TYPE_REF(_151;_140->6B) (_140, 10);
/opt/ohpc/pub/compiler/gcc/12.2.0/include/c++/12.2.0/ostream:620:18: missed: not vectorized: statement can throw an exception: std::__ostream_insert<char, std::char_traits<char> > (_42, "s", 1);
/opt/ohpc/pub/compiler/gcc/12.2.0/include/c++/12.2.0/bits/locale_facets.h:884:21: missed: not vectorized: statement can throw an exception: std::ctype<char>::_M_widen_init (_140);
/opt/ohpc/pub/compiler/gcc/12.2.0/include/c++/12.2.0/bits/locale_facets.h:885:23: missed: not vectorized: statement can throw an exception: _153 = OBJ_TYPE_REF(_151;_140->6B) (_140, 10);
/opt/ohpc/pub/compiler/gcc/12.2.0/include/c++/12.2.0/bits/locale_facets.h:885:23: missed: splitting region at dominance boundary bb49
/opt/ohpc/pub/compiler/gcc/12.2.0/include/c++/12.2.0/bits/locale_facets.h:885:23: missed: splitting region at dominance boundary bb54
/opt/ohpc/pub/compiler/gcc/12.2.0/include/c++/12.2.0/bits/locale_facets.h:883:51: missed: splitting region at control altering definition _138 = std::basic_ostream<char>::put (_42, _137);
/opt/ohpc/pub/compiler/gcc/12.2.0/include/c++/12.2.0/ostream:689:19: missed: not vectorized: statement can throw an exception: _138 = std::basic_ostream<char>::put (_42, _137);
/opt/ohpc/pub/compiler/gcc/12.2.0/include/c++/12.2.0/ostream:689:19: missed: splitting region at dominance boundary bb56
/opt/ohpc/pub/compiler/gcc/12.2.0/include/c++/12.2.0/ostream:689:19: missed: splitting region at dominance boundary bb46
/opt/ohpc/pub/compiler/gcc/12.2.0/include/c++/12.2.0/ostream:711:24: missed: not vectorized: statement can throw an exception: std::basic_ostream<char>::flush (_138);
softmax_auto.cpp:74:14: missed: not vectorized: statement can throw an exception: printResult (&output, K_139);
/opt/ohpc/pub/compiler/gcc/12.2.0/include/c++/12.2.0/bits/new_allocator.h:158:26: missed: statement clobbers memory: operator delete (iftmp.2_141, _142);
/opt/ohpc/pub/compiler/gcc/12.2.0/include/c++/12.2.0/bits/new_allocator.h:158:26: missed: statement clobbers memory: operator delete (_40, _45);
/opt/ohpc/pub/compiler/gcc/12.2.0/include/c++/12.2.0/bits/stl_vector.h:733:7: missed: splitting region at dominance boundary bb71
/opt/ohpc/pub/compiler/gcc/12.2.0/include/c++/12.2.0/bits/basic_ios.h:50:18: missed: not vectorized: statement can throw an exception: std::__throw_bad_cast ();
/opt/ohpc/pub/compiler/gcc/12.2.0/include/c++/12.2.0/bits/basic_ios.h:50:18: missed: splitting region at dominance boundary bb28
/opt/ohpc/pub/compiler/gcc/12.2.0/include/c++/12.2.0/bits/new_allocator.h:158:26: missed: statement clobbers memory: operator delete (iftmp.2_141, _142);
softmax_auto.cpp:52:5: missed: not vectorized: statement can throw an exception: resx 15
/opt/ohpc/pub/compiler/gcc/12.2.0/include/c++/12.2.0/bits/stl_vector.h:733:7: missed: splitting region at dominance boundary bb76
/opt/ohpc/pub/compiler/gcc/12.2.0/include/c++/12.2.0/bits/stl_vector.h:1905:24: missed: not vectorized: statement can throw an exception: std::__throw_length_error ("cannot create std::vector larger than max_size()");
/opt/ohpc/pub/compiler/gcc/12.2.0/include/c++/12.2.0/bits/stl_vector.h:1905:24: missed: splitting region at dominance boundary bb17
/opt/ohpc/pub/compiler/gcc/12.2.0/include/c++/12.2.0/bits/new_allocator.h:158:26: missed: statement clobbers memory: operator delete (_56, _59);
/opt/ohpc/pub/compiler/gcc/12.2.0/include/c++/12.2.0/bits/stl_vector.h:733:7: missed: splitting region at dominance boundary bb15
/opt/ohpc/pub/compiler/gcc/12.2.0/include/c++/12.2.0/ext/string_conversions.h:86:27: missed: not vectorized: statement can throw an exception: std::__throw_out_of_range ("stol");
/opt/ohpc/pub/compiler/gcc/12.2.0/include/c++/12.2.0/ext/string_conversions.h:86:27: missed: splitting region at dominance boundary bb23
/opt/ohpc/pub/compiler/gcc/12.2.0/include/c++/12.2.0/ext/string_conversions.h:83:31: missed: not vectorized: statement can throw an exception: std::__throw_invalid_argument ("stol");
/opt/ohpc/pub/compiler/gcc/12.2.0/include/c++/12.2.0/ext/string_conversions.h:83:31: missed: splitting region at dominance boundary bb7
softmax_auto.cpp:52:5: missed: not vectorized: statement can throw an exception: resx 21
/opt/ohpc/pub/compiler/gcc/12.2.0/include/c++/12.2.0/bits/new_allocator.h:158:26: missed: statement clobbers memory: operator delete (_49, _52);
/opt/ohpc/pub/compiler/gcc/12.2.0/include/c++/12.2.0/bits/basic_string.h:795:23: missed: splitting region at dominance boundary bb3
/opt/ohpc/pub/compiler/gcc/12.2.0/include/c++/12.2.0/bits/basic_string.h:639:28: missed: statement clobbers memory: std::__throw_logic_error ("basic_string: construction from null is not valid");
/opt/ohpc/pub/compiler/gcc/12.2.0/include/c++/12.2.0/bits/basic_string.h:639:28: missed: splitting region at dominance boundary bb66
softmax_auto.cpp:54:14: missed: statement clobbers memory: printf ("use: %s K [1]\n", _1);
/opt/ohpc/pub/compiler/gcc/12.2.0/include/c++/12.2.0/iostream:74:25: missed: statement clobbers memory: std::ios_base::Init::Init (&__ioinit);
/opt/ohpc/pub/compiler/gcc/12.2.0/include/c++/12.2.0/iostream:74:25: missed: statement clobbers memory: __cxxabiv1::__cxa_atexit (__dt_comp , &__ioinit, &__dso_handle);
g++ -std=c++17 -I. -I./include -Wall  -mavx -march=native -ffast-math -O3 -o softmax_avx softmax_avx.cpp 
g++ -std=c++17 -I. -I./include -Wall  -O3 -o softmax_plain softmax_plain.cpp 
	TESTING K=15
		ITERATION NO.1
testing plain
# elapsed time (softime_plain): 8.806e-06s
testing avx
# elapsed time (softime_avx): 1.0042e-05s
testing vectorized
# elapsed time (softime_auto): 8.731e-06s
		ITERATION NO.2
testing plain
# elapsed time (softime_plain): 4.734e-06s
testing avx
# elapsed time (softime_avx): 9.747e-06s
testing vectorized
# elapsed time (softime_auto): 1.0892e-05s
		ITERATION NO.3
testing plain
# elapsed time (softime_plain): 5.037e-06s
testing avx
# elapsed time (softime_avx): 9.84e-06s
testing vectorized
# elapsed time (softime_auto): 8.823e-06s
		ITERATION NO.4
testing plain
# elapsed time (softime_plain): 5.621e-06s
testing avx
# elapsed time (softime_avx): 8.934e-06s
testing vectorized
# elapsed time (softime_auto): 9.741e-06s
		ITERATION NO.5
testing plain
# elapsed time (softime_plain): 4.592e-06s
testing avx
# elapsed time (softime_avx): 1.0678e-05s
testing vectorized
# elapsed time (softime_auto): 8.708e-06s
	TESTING K=23
		ITERATION NO.1
testing plain
# elapsed time (softime_plain): 4.994e-06s
testing avx
# elapsed time (softime_avx): 1.3968e-05s
testing vectorized
# elapsed time (softime_auto): 9.289e-06s
		ITERATION NO.2
testing plain
# elapsed time (softime_plain): 5.168e-06s
testing avx
# elapsed time (softime_avx): 1.2489e-05s
testing vectorized
# elapsed time (softime_auto): 1.012e-05s
		ITERATION NO.3
testing plain
# elapsed time (softime_plain): 5.415e-06s
testing avx
# elapsed time (softime_avx): 9.123e-06s
testing vectorized
# elapsed time (softime_auto): 8.759e-06s
		ITERATION NO.4
testing plain
# elapsed time (softime_plain): 1.81e-05s
testing avx
# elapsed time (softime_avx): 1.2216e-05s
testing vectorized
# elapsed time (softime_auto): 8.652e-06s
		ITERATION NO.5
testing plain
# elapsed time (softime_plain): 4.84e-06s
testing avx
# elapsed time (softime_avx): 1.0067e-05s
testing vectorized
# elapsed time (softime_auto): 8.587e-06s
	TESTING K=39
		ITERATION NO.1
testing plain
# elapsed time (softime_plain): 5.763e-06s
testing avx
# elapsed time (softime_avx): 1.3038e-05s
testing vectorized
# elapsed time (softime_auto): 9.307e-06s
		ITERATION NO.2
testing plain
# elapsed time (softime_plain): 5.411e-06s
testing avx
# elapsed time (softime_avx): 1.0159e-05s
testing vectorized
# elapsed time (softime_auto): 8.802e-06s
		ITERATION NO.3
testing plain
# elapsed time (softime_plain): 4.979e-06s
testing avx
# elapsed time (softime_avx): 1.0091e-05s
testing vectorized
# elapsed time (softime_auto): 9.84e-06s
		ITERATION NO.4
testing plain
# elapsed time (softime_plain): 5.309e-06s
testing avx
# elapsed time (softime_avx): 1.2913e-05s
testing vectorized
# elapsed time (softime_auto): 9.013e-06s
		ITERATION NO.5
testing plain
# elapsed time (softime_plain): 5.585e-06s
testing avx
# elapsed time (softime_avx): 1.0033e-05s
testing vectorized
# elapsed time (softime_auto): 8.934e-06s
	TESTING K=71
		ITERATION NO.1
testing plain
# elapsed time (softime_plain): 5.4e-06s
testing avx
# elapsed time (softime_avx): 1.4191e-05s
testing vectorized
# elapsed time (softime_auto): 1.0014e-05s
		ITERATION NO.2
testing plain
# elapsed time (softime_plain): 5.507e-06s
testing avx
# elapsed time (softime_avx): 1.0339e-05s
testing vectorized
# elapsed time (softime_auto): 3.1279e-05s
		ITERATION NO.3
testing plain
# elapsed time (softime_plain): 5.587e-06s
testing avx
# elapsed time (softime_avx): 3.6457e-05s
testing vectorized
# elapsed time (softime_auto): 1.0041e-05s
		ITERATION NO.4
testing plain
# elapsed time (softime_plain): 5.246e-06s
testing avx
# elapsed time (softime_avx): 2.0588e-05s
testing vectorized
# elapsed time (softime_auto): 9.357e-06s
		ITERATION NO.5
testing plain
# elapsed time (softime_plain): 5.932e-06s
testing avx
# elapsed time (softime_avx): 1.2225e-05s
testing vectorized
# elapsed time (softime_auto): 9.235e-06s
	TESTING K=135
		ITERATION NO.1
testing plain
# elapsed time (softime_plain): 3.1359e-05s
testing avx
# elapsed time (softime_avx): 1.027e-05s
testing vectorized
# elapsed time (softime_auto): 1.3355e-05s
		ITERATION NO.2
testing plain
# elapsed time (softime_plain): 5.878e-06s
testing avx
# elapsed time (softime_avx): 1.0431e-05s
testing vectorized
# elapsed time (softime_auto): 9.114e-06s
		ITERATION NO.3
testing plain
# elapsed time (softime_plain): 5.678e-06s
testing avx
# elapsed time (softime_avx): 1.2175e-05s
testing vectorized
# elapsed time (softime_auto): 1.1812e-05s
		ITERATION NO.4
testing plain
# elapsed time (softime_plain): 6.254e-06s
testing avx
# elapsed time (softime_avx): 1.2595e-05s
testing vectorized
# elapsed time (softime_auto): 9.849e-06s
		ITERATION NO.5
testing plain
# elapsed time (softime_plain): 6.514e-06s
testing avx
# elapsed time (softime_avx): 1.0365e-05s
testing vectorized
# elapsed time (softime_auto): 1.0206e-05s
	TESTING K=263
		ITERATION NO.1
testing plain
# elapsed time (softime_plain): 6.964e-06s
testing avx
# elapsed time (softime_avx): 1.1126e-05s
testing vectorized
# elapsed time (softime_auto): 1.1643e-05s
		ITERATION NO.2
testing plain
# elapsed time (softime_plain): 7.064e-06s
testing avx
# elapsed time (softime_avx): 1.0331e-05s
testing vectorized
# elapsed time (softime_auto): 1.4517e-05s
		ITERATION NO.3
testing plain
# elapsed time (softime_plain): 7.261e-06s
testing avx
# elapsed time (softime_avx): 1.0065e-05s
testing vectorized
# elapsed time (softime_auto): 1.0963e-05s
		ITERATION NO.4
testing plain
# elapsed time (softime_plain): 7.293e-06s
testing avx
# elapsed time (softime_avx): 1.0459e-05s
testing vectorized
# elapsed time (softime_auto): 1.5108e-05s
		ITERATION NO.5
testing plain
# elapsed time (softime_plain): 7.707e-06s
testing avx
# elapsed time (softime_avx): 9.624e-06s
testing vectorized
# elapsed time (softime_auto): 1.0348e-05s
	TESTING K=519
		ITERATION NO.1
testing plain
# elapsed time (softime_plain): 1.0076e-05s
testing avx
# elapsed time (softime_avx): 1.0959e-05s
testing vectorized
# elapsed time (softime_auto): 1.5396e-05s
		ITERATION NO.2
testing plain
# elapsed time (softime_plain): 1.0087e-05s
testing avx
# elapsed time (softime_avx): 1.1264e-05s
testing vectorized
# elapsed time (softime_auto): 1.2021e-05s
		ITERATION NO.3
testing plain
# elapsed time (softime_plain): 3.3066e-05s
testing avx
# elapsed time (softime_avx): 1.2206e-05s
testing vectorized
# elapsed time (softime_auto): 1.3479e-05s
		ITERATION NO.4
testing plain
# elapsed time (softime_plain): 9.638e-06s
testing avx
# elapsed time (softime_avx): 1.4068e-05s
testing vectorized
# elapsed time (softime_auto): 1.2514e-05s
		ITERATION NO.5
testing plain
# elapsed time (softime_plain): 1.1174e-05s
testing avx
# elapsed time (softime_avx): 1.5621e-05s
testing vectorized
# elapsed time (softime_auto): 1.6179e-05s
	TESTING K=1031
		ITERATION NO.1
testing plain
# elapsed time (softime_plain): 1.5185e-05s
testing avx
# elapsed time (softime_avx): 1.2533e-05s
testing vectorized
# elapsed time (softime_auto): 1.8409e-05s
		ITERATION NO.2
testing plain
# elapsed time (softime_plain): 1.5187e-05s
testing avx
# elapsed time (softime_avx): 1.4335e-05s
testing vectorized
# elapsed time (softime_auto): 1.4923e-05s
		ITERATION NO.3
testing plain
# elapsed time (softime_plain): 1.601e-05s
testing avx
# elapsed time (softime_avx): 1.5708e-05s
testing vectorized
# elapsed time (softime_auto): 1.508e-05s
		ITERATION NO.4
testing plain
# elapsed time (softime_plain): 1.532e-05s
testing avx
# elapsed time (softime_avx): 1.705e-05s
testing vectorized
# elapsed time (softime_auto): 1.8221e-05s
		ITERATION NO.5
testing plain
# elapsed time (softime_plain): 1.5202e-05s
testing avx
# elapsed time (softime_avx): 1.6238e-05s
testing vectorized
# elapsed time (softime_auto): 1.4722e-05s
	TESTING K=2055
		ITERATION NO.1
testing plain
# elapsed time (softime_plain): 2.8067e-05s
testing avx
# elapsed time (softime_avx): 1.7148e-05s
testing vectorized
# elapsed time (softime_auto): 2.2007e-05s
		ITERATION NO.2
testing plain
# elapsed time (softime_plain): 2.7963e-05s
testing avx
# elapsed time (softime_avx): 6.9747e-05s
testing vectorized
# elapsed time (softime_auto): 4.812e-05s
		ITERATION NO.3
testing plain
# elapsed time (softime_plain): 2.8208e-05s
testing avx
# elapsed time (softime_avx): 1.4715e-05s
testing vectorized
# elapsed time (softime_auto): 2.3132e-05s
		ITERATION NO.4
testing plain
# elapsed time (softime_plain): 2.7768e-05s
testing avx
# elapsed time (softime_avx): 1.9338e-05s
testing vectorized
# elapsed time (softime_auto): 1.7265e-05s
		ITERATION NO.5
testing plain
# elapsed time (softime_plain): 2.5643e-05s
testing avx
# elapsed time (softime_avx): 4.6382e-05s
testing vectorized
# elapsed time (softime_auto): 4.1839e-05s
	TESTING K=4103
		ITERATION NO.1
testing plain
# elapsed time (softime_plain): 4.6971e-05s
testing avx
# elapsed time (softime_avx): 3.2691e-05s
testing vectorized
# elapsed time (softime_auto): 4.7509e-05s
		ITERATION NO.2
testing plain
# elapsed time (softime_plain): 7.389e-05s
testing avx
# elapsed time (softime_avx): 3.3335e-05s
testing vectorized
# elapsed time (softime_auto): 2.8087e-05s
		ITERATION NO.3
testing plain
# elapsed time (softime_plain): 4.6765e-05s
testing avx
# elapsed time (softime_avx): 2.6326e-05s
testing vectorized
# elapsed time (softime_auto): 2.5588e-05s
		ITERATION NO.4
testing plain
# elapsed time (softime_plain): 5.062e-05s
testing avx
# elapsed time (softime_avx): 2.0852e-05s
testing vectorized
# elapsed time (softime_auto): 2.8362e-05s
		ITERATION NO.5
testing plain
# elapsed time (softime_plain): 4.6675e-05s
testing avx
# elapsed time (softime_avx): 2.5834e-05s
testing vectorized
# elapsed time (softime_auto): 2.5307e-05s
	TESTING K=8199
		ITERATION NO.1
testing plain
# elapsed time (softime_plain): 8.8962e-05s
testing avx
# elapsed time (softime_avx): 3.191e-05s
testing vectorized
# elapsed time (softime_auto): 5.5077e-05s
		ITERATION NO.2
testing plain
# elapsed time (softime_plain): 0.000113148s
testing avx
# elapsed time (softime_avx): 3.4557e-05s
testing vectorized
# elapsed time (softime_auto): 5.8132e-05s
		ITERATION NO.3
testing plain
# elapsed time (softime_plain): 8.8908e-05s
testing avx
# elapsed time (softime_avx): 4.0086e-05s
testing vectorized
# elapsed time (softime_auto): 4.5763e-05s
		ITERATION NO.4
testing plain
# elapsed time (softime_plain): 8.9322e-05s
testing avx
# elapsed time (softime_avx): 3.4734e-05s
testing vectorized
# elapsed time (softime_auto): 4.6508e-05s
		ITERATION NO.5
testing plain
# elapsed time (softime_plain): 8.8993e-05s
testing avx
# elapsed time (softime_avx): 3.7135e-05s
testing vectorized
# elapsed time (softime_auto): 4.2738e-05s
	TESTING K=16391
		ITERATION NO.1
testing plain
# elapsed time (softime_plain): 0.000173838s
testing avx
# elapsed time (softime_avx): 5.792e-05s
testing vectorized
# elapsed time (softime_auto): 9.7121e-05s
		ITERATION NO.2
testing plain
# elapsed time (softime_plain): 0.000173474s
testing avx
# elapsed time (softime_avx): 5.2212e-05s
testing vectorized
# elapsed time (softime_auto): 7.3957e-05s
		ITERATION NO.3
testing plain
# elapsed time (softime_plain): 0.000215571s
testing avx
# elapsed time (softime_avx): 5.8669e-05s
testing vectorized
# elapsed time (softime_auto): 8.0675e-05s
		ITERATION NO.4
testing plain
# elapsed time (softime_plain): 0.000189506s
testing avx
# elapsed time (softime_avx): 5.3684e-05s
testing vectorized
# elapsed time (softime_auto): 7.3997e-05s
		ITERATION NO.5
testing plain
# elapsed time (softime_plain): 0.00018758s
testing avx
# elapsed time (softime_avx): 5.4214e-05s
testing vectorized
# elapsed time (softime_auto): 8.5899e-05s
