testing limits in power of 10
rm -fr *.o *~
rm -fr softmax_auto softmax_avx softmax_plain
g++ -std=c++17 -I. -I./include -Wall  -ftree-vectorize -fopt-info-vec-missed -fopt-info-vec -march=native -funroll-loops -ffast-math -O3 -o softmax_auto softmax_auto.cpp 
softmax_auto.cpp:27:16: optimized: loop vectorized using 32 byte vectors
softmax_auto.cpp:27:16: optimized: loop vectorized using 16 byte vectors
softmax_auto.cpp:23:16: optimized: loop vectorized using 32 byte vectors
softmax_auto.cpp:23:16: optimized: loop vectorized using 16 byte vectors
softmax_auto.cpp:17:16: optimized: loop vectorized using 32 byte vectors
softmax_auto.cpp:17:16: optimized: loop vectorized using 16 byte vectors
softmax_auto.cpp:12:23: optimized: loop vectorized using 32 byte vectors
softmax_auto.cpp:12:23: optimized: loop vectorized using 16 byte vectors
softmax_auto.cpp:46:19: missed: couldn't vectorize loop
softmax_auto.cpp:47:15: missed: statement clobbers memory: fprintf (stderr.10_3, "%f\n", _2);
softmax_auto.cpp:47:15: missed: statement clobbers memory: fprintf (stderr.10_3, "%f\n", _2);
/opt/ohpc/pub/compiler/gcc/12.2.0/include/c++/12.2.0/bits/random.tcc:412:42: optimized: loop vectorized using 16 byte vectors
/opt/ohpc/pub/compiler/gcc/12.2.0/include/c++/12.2.0/bits/random.tcc:404:32: optimized: loop vectorized using 16 byte vectors
softmax_auto.cpp:39:26: missed: couldn't vectorize loop
softmax_auto.cpp:39:26: missed: not vectorized: control flow in loop.
/opt/ohpc/pub/compiler/gcc/12.2.0/include/c++/12.2.0/bits/random.tcc:333:32: missed: couldn't vectorize loop
/opt/ohpc/pub/compiler/gcc/12.2.0/include/c++/12.2.0/bits/random.tcc:335:14: missed: not vectorized: no vectype for stmt: __x_4 = MEM[(struct mersenne_twister_engine *)&gen]._M_x[_8];
 scalar_type: long unsigned int
/opt/ohpc/pub/compiler/gcc/12.2.0/include/c++/12.2.0/bits/new_allocator.h:137:48: missed: statement clobbers memory: _48 = operator new (_47);
/opt/ohpc/pub/compiler/gcc/12.2.0/include/c++/12.2.0/bits/stl_algobase.h:922:11: missed: statement clobbers memory: __builtin_memset (__first_49, 0, _129);
/opt/ohpc/pub/compiler/gcc/12.2.0/include/c++/12.2.0/bits/random.tcc:459:13: missed: statement clobbers memory: std::mersenne_twister_engine<long unsigned int, 32, 624, 397, 31, 2567483615, 11, 4294967295, 7, 2636928640, 15, 4022730752, 18, 1812433253>::_M_gen_rand (&gen);
/opt/ohpc/pub/compiler/gcc/12.2.0/include/c++/12.2.0/bits/stl_vector.h:1905:24: missed: statement clobbers memory: std::__throw_length_error ("cannot create std::vector larger than max_size()");
/opt/ohpc/pub/compiler/gcc/12.2.0/include/c++/12.2.0/bits/stl_vector.h:395:25: optimized: basic block part vectorized using 32 byte vectors
/opt/ohpc/pub/compiler/gcc/12.2.0/include/c++/12.2.0/bits/stl_vector.h:395:25: optimized: basic block part vectorized using 32 byte vectors
softmax_auto.cpp:52:5: missed: splitting region at control altering definition _124 = operator new (_123);
softmax_auto.cpp:65:50: missed: statement clobbers memory: input = generate_random_input (0, -1.0e+0, 1.0e+0); [return slot optimization]
/opt/ohpc/pub/compiler/gcc/12.2.0/include/c++/12.2.0/bits/char_traits.h:395:25: missed: statement clobbers memory: _95 = __builtin_strlen (_2);
/opt/ohpc/pub/compiler/gcc/12.2.0/include/c++/12.2.0/bits/basic_string.tcc:225:13: missed: statement clobbers memory: _99 = std::__cxx11::basic_string<char>::_M_create (&D.81322, &__dnew, 0);
/opt/ohpc/pub/compiler/gcc/12.2.0/include/c++/12.2.0/bits/char_traits.h:431:49: missed: statement clobbers memory: __builtin_memcpy (_163, _2, _95);
/opt/ohpc/pub/compiler/gcc/12.2.0/include/c++/12.2.0/ext/string_conversions.h:80:34: missed: statement clobbers memory: _88 = strtol (_32, &__endptr, 10);
/opt/ohpc/pub/compiler/gcc/12.2.0/include/c++/12.2.0/bits/new_allocator.h:158:26: missed: statement clobbers memory: operator delete (_28, _22);
softmax_auto.cpp:65:50: missed: statement clobbers memory: input = generate_random_input (K_14, -1.0e+0, 1.0e+0); [return slot optimization]
/opt/ohpc/pub/compiler/gcc/12.2.0/include/c++/12.2.0/bits/new_allocator.h:137:48: missed: not vectorized: statement can throw an exception: _124 = operator new (_123);
/opt/ohpc/pub/compiler/gcc/12.2.0/include/c++/12.2.0/bits/stl_vector.h:100:4: optimized: basic block part vectorized using 32 byte vectors
/opt/ohpc/pub/compiler/gcc/12.2.0/include/c++/12.2.0/bits/stl_vector.h:100:4: missed: splitting region at dominance boundary bb33
/opt/ohpc/pub/compiler/gcc/12.2.0/include/c++/12.2.0/bits/stl_vector.h:100:4: missed: splitting region at dominance boundary bb36
/opt/ohpc/pub/compiler/gcc/12.2.0/include/c++/12.2.0/bits/stl_algobase.h:922:11: missed: statement clobbers memory: __builtin_memset (__first_125, 0, _182);
/opt/ohpc/pub/compiler/gcc/12.2.0/include/c++/12.2.0/bits/stl_vector.h:395:25: optimized: basic block part vectorized using 32 byte vectors
/opt/ohpc/pub/compiler/gcc/12.2.0/include/c++/12.2.0/bits/stl_vector.h:395:25: missed: splitting region at control altering definition _42 = std::basic_ostream<char>::_M_insert<double> (&cout, _38);
softmax_auto.cpp:68:2: missed: statement clobbers memory: asoftime_auto = std::chrono::_V2::system_clock::now ();
softmax_auto.cpp:69:14: missed: statement clobbers memory: softmax_auto (_40, iftmp.2_141, K_139);
softmax_auto.cpp:70:2: missed: statement clobbers memory: bsoftime_auto = std::chrono::_V2::system_clock::now ();
/opt/ohpc/pub/compiler/gcc/12.2.0/include/c++/12.2.0/ostream:620:18: missed: not vectorized: statement can throw an exception: std::__ostream_insert<char, std::char_traits<char> > (&cout, "# elapsed time (", 16);
/opt/ohpc/pub/compiler/gcc/12.2.0/include/c++/12.2.0/ostream:620:18: missed: not vectorized: statement can throw an exception: std::__ostream_insert<char, std::char_traits<char> > (&cout, "softime_auto", 12);
/opt/ohpc/pub/compiler/gcc/12.2.0/include/c++/12.2.0/ostream:620:18: missed: not vectorized: statement can throw an exception: std::__ostream_insert<char, std::char_traits<char> > (&cout, "): ", 3);
/opt/ohpc/pub/compiler/gcc/12.2.0/include/c++/12.2.0/ostream:221:25: missed: not vectorized: statement can throw an exception: _42 = std::basic_ostream<char>::_M_insert<double> (&cout, _38);
/opt/ohpc/pub/compiler/gcc/12.2.0/include/c++/12.2.0/ostream:221:25: missed: splitting region at dominance boundary bb43
/opt/ohpc/pub/compiler/gcc/12.2.0/include/c++/12.2.0/ostream:221:25: missed: splitting region at control altering definition _153 = OBJ_TYPE_REF(_151;_140->6B) (_140, 10);
/opt/ohpc/pub/compiler/gcc/12.2.0/include/c++/12.2.0/ostream:620:18: missed: not vectorized: statement can throw an exception: std::__ostream_insert<char, std::char_traits<char> > (_42, "s", 1);
/opt/ohpc/pub/compiler/gcc/12.2.0/include/c++/12.2.0/bits/locale_facets.h:884:21: missed: not vectorized: statement can throw an exception: std::ctype<char>::_M_widen_init (_140);
/opt/ohpc/pub/compiler/gcc/12.2.0/include/c++/12.2.0/bits/locale_facets.h:885:23: missed: not vectorized: statement can throw an exception: _153 = OBJ_TYPE_REF(_151;_140->6B) (_140, 10);
/opt/ohpc/pub/compiler/gcc/12.2.0/include/c++/12.2.0/bits/locale_facets.h:885:23: missed: splitting region at dominance boundary bb49
/opt/ohpc/pub/compiler/gcc/12.2.0/include/c++/12.2.0/bits/locale_facets.h:885:23: missed: splitting region at dominance boundary bb54
/opt/ohpc/pub/compiler/gcc/12.2.0/include/c++/12.2.0/bits/locale_facets.h:883:51: missed: splitting region at control altering definition _138 = std::basic_ostream<char>::put (_42, _137);
/opt/ohpc/pub/compiler/gcc/12.2.0/include/c++/12.2.0/ostream:689:19: missed: not vectorized: statement can throw an exception: _138 = std::basic_ostream<char>::put (_42, _137);
/opt/ohpc/pub/compiler/gcc/12.2.0/include/c++/12.2.0/ostream:689:19: missed: splitting region at dominance boundary bb56
/opt/ohpc/pub/compiler/gcc/12.2.0/include/c++/12.2.0/ostream:689:19: missed: splitting region at dominance boundary bb46
/opt/ohpc/pub/compiler/gcc/12.2.0/include/c++/12.2.0/ostream:711:24: missed: not vectorized: statement can throw an exception: std::basic_ostream<char>::flush (_138);
softmax_auto.cpp:74:14: missed: not vectorized: statement can throw an exception: printResult (&output, K_139);
/opt/ohpc/pub/compiler/gcc/12.2.0/include/c++/12.2.0/bits/new_allocator.h:158:26: missed: statement clobbers memory: operator delete (iftmp.2_141, _142);
/opt/ohpc/pub/compiler/gcc/12.2.0/include/c++/12.2.0/bits/new_allocator.h:158:26: missed: statement clobbers memory: operator delete (_40, _45);
/opt/ohpc/pub/compiler/gcc/12.2.0/include/c++/12.2.0/bits/stl_vector.h:733:7: missed: splitting region at dominance boundary bb71
/opt/ohpc/pub/compiler/gcc/12.2.0/include/c++/12.2.0/bits/basic_ios.h:50:18: missed: not vectorized: statement can throw an exception: std::__throw_bad_cast ();
/opt/ohpc/pub/compiler/gcc/12.2.0/include/c++/12.2.0/bits/basic_ios.h:50:18: missed: splitting region at dominance boundary bb28
/opt/ohpc/pub/compiler/gcc/12.2.0/include/c++/12.2.0/bits/new_allocator.h:158:26: missed: statement clobbers memory: operator delete (iftmp.2_141, _142);
softmax_auto.cpp:52:5: missed: not vectorized: statement can throw an exception: resx 15
/opt/ohpc/pub/compiler/gcc/12.2.0/include/c++/12.2.0/bits/stl_vector.h:733:7: missed: splitting region at dominance boundary bb76
/opt/ohpc/pub/compiler/gcc/12.2.0/include/c++/12.2.0/bits/stl_vector.h:1905:24: missed: not vectorized: statement can throw an exception: std::__throw_length_error ("cannot create std::vector larger than max_size()");
/opt/ohpc/pub/compiler/gcc/12.2.0/include/c++/12.2.0/bits/stl_vector.h:1905:24: missed: splitting region at dominance boundary bb17
/opt/ohpc/pub/compiler/gcc/12.2.0/include/c++/12.2.0/bits/new_allocator.h:158:26: missed: statement clobbers memory: operator delete (_56, _59);
/opt/ohpc/pub/compiler/gcc/12.2.0/include/c++/12.2.0/bits/stl_vector.h:733:7: missed: splitting region at dominance boundary bb15
/opt/ohpc/pub/compiler/gcc/12.2.0/include/c++/12.2.0/ext/string_conversions.h:86:27: missed: not vectorized: statement can throw an exception: std::__throw_out_of_range ("stol");
/opt/ohpc/pub/compiler/gcc/12.2.0/include/c++/12.2.0/ext/string_conversions.h:86:27: missed: splitting region at dominance boundary bb23
/opt/ohpc/pub/compiler/gcc/12.2.0/include/c++/12.2.0/ext/string_conversions.h:83:31: missed: not vectorized: statement can throw an exception: std::__throw_invalid_argument ("stol");
/opt/ohpc/pub/compiler/gcc/12.2.0/include/c++/12.2.0/ext/string_conversions.h:83:31: missed: splitting region at dominance boundary bb7
softmax_auto.cpp:52:5: missed: not vectorized: statement can throw an exception: resx 21
/opt/ohpc/pub/compiler/gcc/12.2.0/include/c++/12.2.0/bits/new_allocator.h:158:26: missed: statement clobbers memory: operator delete (_49, _52);
/opt/ohpc/pub/compiler/gcc/12.2.0/include/c++/12.2.0/bits/basic_string.h:795:23: missed: splitting region at dominance boundary bb3
/opt/ohpc/pub/compiler/gcc/12.2.0/include/c++/12.2.0/bits/basic_string.h:639:28: missed: statement clobbers memory: std::__throw_logic_error ("basic_string: construction from null is not valid");
/opt/ohpc/pub/compiler/gcc/12.2.0/include/c++/12.2.0/bits/basic_string.h:639:28: missed: splitting region at dominance boundary bb66
softmax_auto.cpp:54:14: missed: statement clobbers memory: printf ("use: %s K [1]\n", _1);
/opt/ohpc/pub/compiler/gcc/12.2.0/include/c++/12.2.0/iostream:74:25: missed: statement clobbers memory: std::ios_base::Init::Init (&__ioinit);
/opt/ohpc/pub/compiler/gcc/12.2.0/include/c++/12.2.0/iostream:74:25: missed: statement clobbers memory: __cxxabiv1::__cxa_atexit (__dt_comp , &__ioinit, &__dso_handle);
g++ -std=c++17 -I. -I./include -Wall  -mavx -march=native -ffast-math -O3 -o softmax_avx softmax_avx.cpp 
g++ -std=c++17 -I. -I./include -Wall  -O3 -o softmax_plain softmax_plain.cpp 
	TESTING K=8
		ITERATION NO.1
testing plain
# elapsed time (softime_plain): 7.652e-06s
testing avx
# elapsed time (softime_avx): 1.039e-06s
testing vectorized
# elapsed time (softime_auto): 5.16e-06s
		ITERATION NO.2
testing plain
# elapsed time (softime_plain): 8.893e-06s
testing avx
# elapsed time (softime_avx): 4.47e-07s
testing vectorized
# elapsed time (softime_auto): 4.157e-06s
		ITERATION NO.3
testing plain
# elapsed time (softime_plain): 7.219e-06s
testing avx
# elapsed time (softime_avx): 4.99e-07s
testing vectorized
# elapsed time (softime_auto): 4.22e-06s
		ITERATION NO.4
testing plain
# elapsed time (softime_plain): 1.7302e-05s
testing avx
# elapsed time (softime_avx): 4.87e-07s
testing vectorized
# elapsed time (softime_auto): 4.991e-06s
		ITERATION NO.5
testing plain
# elapsed time (softime_plain): 5.377e-06s
testing avx
# elapsed time (softime_avx): 4.56e-07s
testing vectorized
# elapsed time (softime_auto): 4.276e-06s
	TESTING K=16
		ITERATION NO.1
testing plain
# elapsed time (softime_plain): 5.165e-06s
testing avx
# elapsed time (softime_avx): 4.6e-07s
testing vectorized
# elapsed time (softime_auto): 4.997e-06s
		ITERATION NO.2
testing plain
# elapsed time (softime_plain): 4.978e-06s
testing avx
# elapsed time (softime_avx): 5.08e-07s
testing vectorized
# elapsed time (softime_auto): 4.764e-06s
		ITERATION NO.3
testing plain
# elapsed time (softime_plain): 4.74e-06s
testing avx
# elapsed time (softime_avx): 5.09e-07s
testing vectorized
# elapsed time (softime_auto): 9.312e-06s
		ITERATION NO.4
testing plain
# elapsed time (softime_plain): 5.538e-06s
testing avx
# elapsed time (softime_avx): 5.14e-07s
testing vectorized
# elapsed time (softime_auto): 1.0827e-05s
		ITERATION NO.5
testing plain
# elapsed time (softime_plain): 3.779e-06s
testing avx
# elapsed time (softime_avx): 5.27e-07s
testing vectorized
# elapsed time (softime_auto): 4.347e-06s
	TESTING K=32
		ITERATION NO.1
testing plain
# elapsed time (softime_plain): 4.885e-06s
testing avx
# elapsed time (softime_avx): 5.81e-07s
testing vectorized
# elapsed time (softime_auto): 5.155e-06s
		ITERATION NO.2
testing plain
# elapsed time (softime_plain): 5.071e-06s
testing avx
# elapsed time (softime_avx): 5.53e-07s
testing vectorized
# elapsed time (softime_auto): 4.553e-06s
		ITERATION NO.3
testing plain
# elapsed time (softime_plain): 4.793e-06s
testing avx
# elapsed time (softime_avx): 6.43e-07s
testing vectorized
# elapsed time (softime_auto): 4.823e-06s
		ITERATION NO.4
testing plain
# elapsed time (softime_plain): 5.383e-06s
testing avx
# elapsed time (softime_avx): 5.88e-07s
testing vectorized
# elapsed time (softime_auto): 4.825e-06s
		ITERATION NO.5
testing plain
# elapsed time (softime_plain): 6.034e-06s
testing avx
# elapsed time (softime_avx): 6.04e-07s
testing vectorized
# elapsed time (softime_auto): 4.427e-06s
	TESTING K=64
		ITERATION NO.1
testing plain
# elapsed time (softime_plain): 5.437e-06s
testing avx
# elapsed time (softime_avx): 6.92e-07s
testing vectorized
# elapsed time (softime_auto): 4.828e-06s
		ITERATION NO.2
testing plain
# elapsed time (softime_plain): 5.254e-06s
testing avx
# elapsed time (softime_avx): 7.62e-07s
testing vectorized
# elapsed time (softime_auto): 4.967e-06s
		ITERATION NO.3
testing plain
# elapsed time (softime_plain): 5.569e-06s
testing avx
# elapsed time (softime_avx): 7.24e-07s
testing vectorized
# elapsed time (softime_auto): 5.056e-06s
		ITERATION NO.4
testing plain
# elapsed time (softime_plain): 6.048e-06s
testing avx
# elapsed time (softime_avx): 7.45e-07s
testing vectorized
# elapsed time (softime_auto): 5.001e-06s
		ITERATION NO.5
testing plain
# elapsed time (softime_plain): 5.058e-06s
testing avx
# elapsed time (softime_avx): 6.86e-07s
testing vectorized
# elapsed time (softime_auto): 5.045e-06s
	TESTING K=128
		ITERATION NO.1
testing plain
# elapsed time (softime_plain): 6.381e-06s
testing avx
# elapsed time (softime_avx): 1.077e-06s
testing vectorized
# elapsed time (softime_auto): 6.64e-06s
		ITERATION NO.2
testing plain
# elapsed time (softime_plain): 5.602e-06s
testing avx
# elapsed time (softime_avx): 1.082e-06s
testing vectorized
# elapsed time (softime_auto): 6.108e-06s
		ITERATION NO.3
testing plain
# elapsed time (softime_plain): 5.558e-06s
testing avx
# elapsed time (softime_avx): 9.97e-07s
testing vectorized
# elapsed time (softime_auto): 6.323e-06s
		ITERATION NO.4
testing plain
# elapsed time (softime_plain): 5.874e-06s
testing avx
# elapsed time (softime_avx): 1.07e-06s
testing vectorized
# elapsed time (softime_auto): 6.545e-06s
		ITERATION NO.5
testing plain
# elapsed time (softime_plain): 5.852e-06s
testing avx
# elapsed time (softime_avx): 1.04e-06s
testing vectorized
# elapsed time (softime_auto): 5.221e-06s
	TESTING K=256
		ITERATION NO.1
testing plain
# elapsed time (softime_plain): 7.391e-06s
testing avx
# elapsed time (softime_avx): 1.733e-06s
testing vectorized
# elapsed time (softime_auto): 8.193e-06s
		ITERATION NO.2
testing plain
# elapsed time (softime_plain): 7.917e-06s
testing avx
# elapsed time (softime_avx): 1.605e-06s
testing vectorized
# elapsed time (softime_auto): 7.659e-06s
		ITERATION NO.3
testing plain
# elapsed time (softime_plain): 7.526e-06s
testing avx
# elapsed time (softime_avx): 1.6e-06s
testing vectorized
# elapsed time (softime_auto): 7.533e-06s
		ITERATION NO.4
testing plain
# elapsed time (softime_plain): 7.08e-06s
testing avx
# elapsed time (softime_avx): 1.76e-06s
testing vectorized
# elapsed time (softime_auto): 6.351e-06s
		ITERATION NO.5
testing plain
# elapsed time (softime_plain): 7.87e-06s
testing avx
# elapsed time (softime_avx): 1.646e-06s
testing vectorized
# elapsed time (softime_auto): 7.551e-06s
	TESTING K=512
		ITERATION NO.1
testing plain
# elapsed time (softime_plain): 1.1132e-05s
testing avx
# elapsed time (softime_avx): 3.095e-06s
testing vectorized
# elapsed time (softime_auto): 9.447e-06s
		ITERATION NO.2
testing plain
# elapsed time (softime_plain): 1.0801e-05s
testing avx
# elapsed time (softime_avx): 2.88e-06s
testing vectorized
# elapsed time (softime_auto): 9.693e-06s
		ITERATION NO.3
testing plain
# elapsed time (softime_plain): 9.797e-06s
testing avx
# elapsed time (softime_avx): 2.888e-06s
testing vectorized
# elapsed time (softime_auto): 7.493e-06s
		ITERATION NO.4
testing plain
# elapsed time (softime_plain): 9.541e-06s
testing avx
# elapsed time (softime_avx): 3.107e-06s
testing vectorized
# elapsed time (softime_auto): 1.037e-05s
		ITERATION NO.5
testing plain
# elapsed time (softime_plain): 1.0874e-05s
testing avx
# elapsed time (softime_avx): 2.838e-06s
testing vectorized
# elapsed time (softime_auto): 7.45e-06s
	TESTING K=1024
		ITERATION NO.1
testing plain
# elapsed time (softime_plain): 1.691e-05s
testing avx
# elapsed time (softime_avx): 5.446e-06s
testing vectorized
# elapsed time (softime_auto): 9.933e-06s
		ITERATION NO.2
testing plain
# elapsed time (softime_plain): 1.5112e-05s
testing avx
# elapsed time (softime_avx): 5.391e-06s
testing vectorized
# elapsed time (softime_auto): 1.3555e-05s
		ITERATION NO.3
testing plain
# elapsed time (softime_plain): 1.683e-05s
testing avx
# elapsed time (softime_avx): 5.456e-06s
testing vectorized
# elapsed time (softime_auto): 1.3157e-05s
		ITERATION NO.4
testing plain
# elapsed time (softime_plain): 1.4947e-05s
testing avx
# elapsed time (softime_avx): 5.031e-06s
testing vectorized
# elapsed time (softime_auto): 9.814e-06s
		ITERATION NO.5
testing plain
# elapsed time (softime_plain): 1.649e-05s
testing avx
# elapsed time (softime_avx): 4.803e-06s
testing vectorized
# elapsed time (softime_auto): 1.3058e-05s
	TESTING K=2048
		ITERATION NO.1
testing plain
# elapsed time (softime_plain): 2.6065e-05s
testing avx
# elapsed time (softime_avx): 1.0559e-05s
testing vectorized
# elapsed time (softime_auto): 2.0713e-05s
		ITERATION NO.2
testing plain
# elapsed time (softime_plain): 2.55e-05s
testing avx
# elapsed time (softime_avx): 1.0569e-05s
testing vectorized
# elapsed time (softime_auto): 1.703e-05s
		ITERATION NO.3
testing plain
# elapsed time (softime_plain): 2.5538e-05s
testing avx
# elapsed time (softime_avx): 1.0576e-05s
testing vectorized
# elapsed time (softime_auto): 2.3108e-05s
		ITERATION NO.4
testing plain
# elapsed time (softime_plain): 2.8146e-05s
testing avx
# elapsed time (softime_avx): 1.0532e-05s
testing vectorized
# elapsed time (softime_auto): 2.2276e-05s
		ITERATION NO.5
testing plain
# elapsed time (softime_plain): 2.5917e-05s
testing avx
# elapsed time (softime_avx): 1.0574e-05s
testing vectorized
# elapsed time (softime_auto): 4.5476e-05s
	TESTING K=4096
		ITERATION NO.1
testing plain
# elapsed time (softime_plain): 4.6735e-05s
testing avx
# elapsed time (softime_avx): 2.1712e-05s
testing vectorized
# elapsed time (softime_auto): 3.9295e-05s
		ITERATION NO.2
testing plain
# elapsed time (softime_plain): 5.0852e-05s
testing avx
# elapsed time (softime_avx): 2.079e-05s
testing vectorized
# elapsed time (softime_auto): 2.4326e-05s
		ITERATION NO.3
testing plain
# elapsed time (softime_plain): 6.1392e-05s
testing avx
# elapsed time (softime_avx): 2.0831e-05s
testing vectorized
# elapsed time (softime_auto): 2.4339e-05s
		ITERATION NO.4
testing plain
# elapsed time (softime_plain): 4.6907e-05s
testing avx
# elapsed time (softime_avx): 1.3341e-05s
testing vectorized
# elapsed time (softime_auto): 2.4535e-05s
		ITERATION NO.5
testing plain
# elapsed time (softime_plain): 6.1953e-05s
testing avx
# elapsed time (softime_avx): 1.5655e-05s
testing vectorized
# elapsed time (softime_auto): 2.4686e-05s
	TESTING K=8192
		ITERATION NO.1
testing plain
# elapsed time (softime_plain): 0.000106393s
testing avx
# elapsed time (softime_avx): 2.658e-05s
testing vectorized
# elapsed time (softime_auto): 4.3042e-05s
		ITERATION NO.2
testing plain
# elapsed time (softime_plain): 0.000121034s
testing avx
# elapsed time (softime_avx): 2.6439e-05s
testing vectorized
# elapsed time (softime_auto): 3.9857e-05s
		ITERATION NO.3
testing plain
# elapsed time (softime_plain): 0.000110441s
testing avx
# elapsed time (softime_avx): 3.6355e-05s
testing vectorized
# elapsed time (softime_auto): 6.3226e-05s
		ITERATION NO.4
testing plain
# elapsed time (softime_plain): 8.8953e-05s
testing avx
# elapsed time (softime_avx): 2.8335e-05s
testing vectorized
# elapsed time (softime_auto): 4.0021e-05s
		ITERATION NO.5
testing plain
# elapsed time (softime_plain): 0.000118143s
testing avx
# elapsed time (softime_avx): 2.8097e-05s
testing vectorized
# elapsed time (softime_auto): 4.0259e-05s
	TESTING K=16384
		ITERATION NO.1
testing plain
# elapsed time (softime_plain): 0.000188925s
testing avx
# elapsed time (softime_avx): 4.6898e-05s
testing vectorized
# elapsed time (softime_auto): 7.2281e-05s
		ITERATION NO.2
testing plain
# elapsed time (softime_plain): 0.00017353s
testing avx
# elapsed time (softime_avx): 5.5076e-05s
testing vectorized
# elapsed time (softime_auto): 0.000101184s
		ITERATION NO.3
testing plain
# elapsed time (softime_plain): 0.000173121s
testing avx
# elapsed time (softime_avx): 5.797e-05s
testing vectorized
# elapsed time (softime_auto): 8.7446e-05s
		ITERATION NO.4
testing plain
# elapsed time (softime_plain): 0.000189541s
testing avx
# elapsed time (softime_avx): 4.4812e-05s
testing vectorized
# elapsed time (softime_auto): 7.2143e-05s
		ITERATION NO.5
testing plain
# elapsed time (softime_plain): 0.000173336s
testing avx
# elapsed time (softime_avx): 4.7832e-05s
testing vectorized
# elapsed time (softime_auto): 7.2599e-05s
